chatSecure/build/outputs/logs/manifest-merger-debug-report.txt
-- Merging decision tree log ---
manifest
ADDED from src/main/AndroidManifest.xml:1:1-472:12
	package
		ADDED from src/main/AndroidManifest.xml:2:5-46
		INJECTED from src/main/AndroidManifest.xml
		INJECTED from src/main/AndroidManifest.xml
	android:sharedUserLabel
		ADDED from src/main/AndroidManifest.xml:4:5-49
	android:versionName
		ADDED from src/main/AndroidManifest.xml:6:5-33
	android:versionCode
		ADDED from src/main/AndroidManifest.xml:5:5-34
		INJECTED from src/main/AndroidManifest.xml
		INJECTED from src/main/AndroidManifest.xml
	xmlns:android
		ADDED from src/main/AndroidManifest.xml:1:11-69
	android:installLocation
		ADDED from src/main/AndroidManifest.xml:3:5-35
supports-screens
ADDED from src/main/AndroidManifest.xml:8:5-12:39
	android:largeScreens
		ADDED from src/main/AndroidManifest.xml:10:9-36
	android:smallScreens
		ADDED from src/main/AndroidManifest.xml:12:9-36
	android:normalScreens
		ADDED from src/main/AndroidManifest.xml:11:9-37
	android:anyDensity
		ADDED from src/main/AndroidManifest.xml:9:9-34
uses-sdk
ADDED from src/main/AndroidManifest.xml:14:5-16:41
MERGED from [ChatSecureAndroid_ulife:androidPinning:unspecified] AndroidManifest.xml:7:5-9:41
MERGED from [ChatSecureAndroid_ulife:library:unspecified] AndroidManifest.xml:7:5-9:41
MERGED from [com.android.support:support-v4:21.0.3] AndroidManifest.xml:15:5-42
MERGED from [ChatSecureAndroid_ulife:tibetanTextLibrary:unspecified] AndroidManifest.xml:7:5-9:41
MERGED from [ChatSecureAndroid_ulife:cachewordlib:unspecified] AndroidManifest.xml:5:5-7:41
MERGED from [com.android.support:support-v4:21.0.3] AndroidManifest.xml:15:5-42
MERGED from [com.android.support:support-v4:21.0.3] AndroidManifest.xml:15:5-42
MERGED from [com.android.support:appcompat-v7:21.0.3] AndroidManifest.xml:15:5-42
MERGED from [com.android.support:support-v4:21.0.3] AndroidManifest.xml:15:5-42
	android:targetSdkVersion
		ADDED from src/main/AndroidManifest.xml:16:9-38
		INJECTED from src/main/AndroidManifest.xml
		INJECTED from src/main/AndroidManifest.xml
	android:minSdkVersion
		ADDED from src/main/AndroidManifest.xml:15:9-34
		INJECTED from src/main/AndroidManifest.xml
		INJECTED from src/main/AndroidManifest.xml
uses-permission#info.guardianproject.otr.app.providers.imps.permission.READ_ONLY
ADDED from src/main/AndroidManifest.xml:18:5-104
	android:name
		ADDED from src/main/AndroidManifest.xml:18:22-101
uses-permission#info.guardianproject.otr.app.providers.imps.permission.WRITE_ONLY
ADDED from src/main/AndroidManifest.xml:19:5-105
	android:name
		ADDED from src/main/AndroidManifest.xml:19:22-102
uses-permission#android.permission.WAKE_LOCK
ADDED from src/main/AndroidManifest.xml:20:5-68
	android:name
		ADDED from src/main/AndroidManifest.xml:20:22-65
uses-permission#android.permission.VIBRATE
ADDED from src/main/AndroidManifest.xml:21:5-66
MERGED from [ChatSecureAndroid_ulife:cachewordlib:unspecified] AndroidManifest.xml:9:5-66
	android:name
		ADDED from src/main/AndroidManifest.xml:21:22-63
uses-permission#android.permission.INTERNET
ADDED from src/main/AndroidManifest.xml:22:5-67
	android:name
		ADDED from src/main/AndroidManifest.xml:22:22-64
uses-permission#android.permission.CHANGE_WIFI_MULTICAST_STATE
ADDED from src/main/AndroidManifest.xml:23:5-86
	android:name
		ADDED from src/main/AndroidManifest.xml:23:22-83
uses-permission#android.permission.ACCESS_WIFI_STATE
ADDED from src/main/AndroidManifest.xml:24:5-76
	android:name
		ADDED from src/main/AndroidManifest.xml:24:22-73
uses-permission#android.permission.ACCESS_NETWORK_STATE
ADDED from src/main/AndroidManifest.xml:25:5-79
	android:name
		ADDED from src/main/AndroidManifest.xml:25:22-76
uses-permission#android.permission.READ_EXTERNAL_STORAGE
ADDED from src/main/AndroidManifest.xml:26:5-80
MERGED from [ChatSecureAndroid_ulife:tibetanTextLibrary:unspecified] AndroidManifest.xml:13:5-80
	android:name
		ADDED from src/main/AndroidManifest.xml:26:22-77
uses-permission#android.permission.WRITE_EXTERNAL_STORAGE
ADDED from src/main/AndroidManifest.xml:27:5-81
MERGED from [ChatSecureAndroid_ulife:tibetanTextLibrary:unspecified] AndroidManifest.xml:11:5-81
	android:name
		ADDED from src/main/AndroidManifest.xml:27:22-78
uses-permission#android.permission.RECEIVE_BOOT_COMPLETED
ADDED from src/main/AndroidManifest.xml:28:5-81
	android:name
		ADDED from src/main/AndroidManifest.xml:28:22-78
uses-permission#info.guardianproject.otr.app.im.permission.IM_SERVICE
ADDED from src/main/AndroidManifest.xml:29:5-93
	android:name
		ADDED from src/main/AndroidManifest.xml:29:22-90
uses-permission#android.permission.UPDATE_APP_OPS_STATS
ADDED from src/main/AndroidManifest.xml:30:5-79
	android:name
		ADDED from src/main/AndroidManifest.xml:30:22-76
uses-permission#android.permission.GET_ACCOUNTS
ADDED from src/main/AndroidManifest.xml:31:5-71
	android:name
		ADDED from src/main/AndroidManifest.xml:31:22-68
uses-permission#android.permission.MANAGE_ACCOUNTS
ADDED from src/main/AndroidManifest.xml:32:5-74
	android:name
		ADDED from src/main/AndroidManifest.xml:32:22-71
uses-permission#android.permission.USE_CREDENTIALS
ADDED from src/main/AndroidManifest.xml:33:5-74
	android:name
		ADDED from src/main/AndroidManifest.xml:33:22-71
uses-permission#com.google.android.googleapps.permission.GOOGLE_AUTH
ADDED from src/main/AndroidManifest.xml:34:5-92
	android:name
		ADDED from src/main/AndroidManifest.xml:34:22-89
permission#info.guardianproject.otr.app.im.permission.IM_SERVICE
ADDED from src/main/AndroidManifest.xml:36:5-41:47
	android:label
		ADDED from src/main/AndroidManifest.xml:39:9-43
	android:protectionLevel
		ADDED from src/main/AndroidManifest.xml:41:9-44
	android:permissionGroup
		ADDED from src/main/AndroidManifest.xml:40:9-68
	android:description
		ADDED from src/main/AndroidManifest.xml:38:9-48
	android:name
		ADDED from src/main/AndroidManifest.xml:37:9-77
permission#info.guardianproject.otr.app.providers.imps.permission.READ_ONLY
ADDED from src/main/AndroidManifest.xml:42:5-47:47
	android:label
		ADDED from src/main/AndroidManifest.xml:45:9-46
	android:protectionLevel
		ADDED from src/main/AndroidManifest.xml:47:9-44
	android:permissionGroup
		ADDED from src/main/AndroidManifest.xml:46:9-68
	android:description
		ADDED from src/main/AndroidManifest.xml:44:9-51
	android:name
		ADDED from src/main/AndroidManifest.xml:43:9-88
permission#info.guardianproject.otr.app.providers.imps.permission.WRITE_ONLY
ADDED from src/main/AndroidManifest.xml:48:5-53:47
	android:label
		ADDED from src/main/AndroidManifest.xml:51:9-46
	android:protectionLevel
		ADDED from src/main/AndroidManifest.xml:53:9-44
	android:permissionGroup
		ADDED from src/main/AndroidManifest.xml:52:9-68
	android:description
		ADDED from src/main/AndroidManifest.xml:50:9-51
	android:name
		ADDED from src/main/AndroidManifest.xml:49:9-89
application
ADDED from src/main/AndroidManifest.xml:55:5-470:19
MERGED from [com.android.support:support-v4:21.0.3] AndroidManifest.xml:16:5-19
MERGED from [ChatSecureAndroid_ulife:cachewordlib:unspecified] AndroidManifest.xml:11:5-16:19
MERGED from [com.android.support:support-v4:21.0.3] AndroidManifest.xml:16:5-19
MERGED from [ChatSecureAndroid_ulife:memorizingTrustManager:unspecified] AndroidManifest.xml:7:5-11:19
MERGED from [com.android.support:support-v4:21.0.3] AndroidManifest.xml:16:5-19
MERGED from [com.android.support:appcompat-v7:21.0.3] AndroidManifest.xml:16:5-19
MERGED from [com.android.support:support-v4:21.0.3] AndroidManifest.xml:16:5-19
	android:label
		ADDED from [ChatSecureAndroid_ulife:memorizingTrustManager:unspecified] AndroidManifest.xml:7:18-56
	android:allowBackup
		ADDED from src/main/AndroidManifest.xml:57:9-36
	android:icon
		ADDED from src/main/AndroidManifest.xml:58:9-45
	android:description
		ADDED from src/main/AndroidManifest.xml:59:9-54
	android:theme
		ADDED from src/main/AndroidManifest.xml:60:9-40
	android:name
		ADDED from src/main/AndroidManifest.xml:56:9-34
activity#info.guardianproject.otr.app.im.app.WelcomeActivity
ADDED from src/main/AndroidManifest.xml:61:9-180:20
	android:name
		ADDED from src/main/AndroidManifest.xml:61:19-54
intent-filter#android.intent.action.MAIN+android.intent.category.LAUNCHER
ADDED from src/main/AndroidManifest.xml:62:13-66:29
action#android.intent.action.MAIN
ADDED from src/main/AndroidManifest.xml:63:17-69
	android:name
		ADDED from src/main/AndroidManifest.xml:63:25-66
category#android.intent.category.LAUNCHER
ADDED from src/main/AndroidManifest.xml:65:17-77
	android:name
		ADDED from src/main/AndroidManifest.xml:65:27-74
intent-filter#android.intent.action.VIEW+android.intent.category.BROWSABLE+android.intent.category.DEFAULT
ADDED from src/main/AndroidManifest.xml:67:13-87:29
action#android.intent.action.VIEW
ADDED from src/main/AndroidManifest.xml:68:17-69
	android:name
		ADDED from src/main/AndroidManifest.xml:68:25-66
category#android.intent.category.DEFAULT
ADDED from src/main/AndroidManifest.xml:70:17-76
	android:name
		ADDED from src/main/AndroidManifest.xml:70:27-73
category#android.intent.category.BROWSABLE
ADDED from src/main/AndroidManifest.xml:71:17-78
	android:name
		ADDED from src/main/AndroidManifest.xml:71:27-75
data
ADDED from src/main/AndroidManifest.xml:73:17-42
	android:host
		ADDED from src/main/AndroidManifest.xml:73:23-39
intent-filter#android.intent.action.SENDTO+android.intent.category.DEFAULT+info.guardianproject.otr.app.im.category.XMPP
ADDED from src/main/AndroidManifest.xml:115:13-122:29
action#android.intent.action.SENDTO
ADDED from src/main/AndroidManifest.xml:116:17-71
	android:name
		ADDED from src/main/AndroidManifest.xml:116:25-68
category#info.guardianproject.otr.app.im.category.XMPP
ADDED from src/main/AndroidManifest.xml:119:17-90
	android:name
		ADDED from src/main/AndroidManifest.xml:119:27-87
intent-filter#android.intent.action.SENDTO+android.intent.category.DEFAULT
ADDED from src/main/AndroidManifest.xml:123:13-131:29
intent-filter#android.intent.action.INSERT+android.intent.category.DEFAULT
ADDED from src/main/AndroidManifest.xml:148:13-154:29
action#android.intent.action.INSERT
ADDED from src/main/AndroidManifest.xml:149:17-71
	android:name
		ADDED from src/main/AndroidManifest.xml:149:25-68
intent-filter#android.intent.action.SEND+android.intent.category.ALTERNATIVE+android.intent.category.DEFAULT+android.intent.category.SELECTED_ALTERNATIVE
ADDED from src/main/AndroidManifest.xml:162:13-170:29
action#android.intent.action.SEND
ADDED from src/main/AndroidManifest.xml:163:17-69
	android:name
		ADDED from src/main/AndroidManifest.xml:163:25-66
category#android.intent.category.ALTERNATIVE
ADDED from src/main/AndroidManifest.xml:166:17-80
	android:name
		ADDED from src/main/AndroidManifest.xml:166:27-77
category#android.intent.category.SELECTED_ALTERNATIVE
ADDED from src/main/AndroidManifest.xml:167:17-89
	android:name
		ADDED from src/main/AndroidManifest.xml:167:27-86
activity#info.guardianproject.otr.app.im.app.ActiveChatListView
ADDED from src/main/AndroidManifest.xml:181:9-183:40
	android:exported
		ADDED from src/main/AndroidManifest.xml:183:13-37
	android:name
		ADDED from src/main/AndroidManifest.xml:182:13-51
activity#info.guardianproject.otr.app.im.ui.AboutActivity
ADDED from src/main/AndroidManifest.xml:184:9-186:40
	android:exported
		ADDED from src/main/AndroidManifest.xml:186:13-37
	android:name
		ADDED from src/main/AndroidManifest.xml:185:13-45
service#info.guardianproject.otr.app.im.plugin.xmpp.XmppImPlugin
ADDED from src/main/AndroidManifest.xml:188:9-204:19
	android:exported
		ADDED from src/main/AndroidManifest.xml:190:13-37
	android:name
		ADDED from src/main/AndroidManifest.xml:189:13-53
intent-filter#info.guardianproject.otr.app.im.plugin
ADDED from src/main/AndroidManifest.xml:191:13-193:29
action#info.guardianproject.otr.app.im.plugin
ADDED from src/main/AndroidManifest.xml:192:17-81
	android:name
		ADDED from src/main/AndroidManifest.xml:192:25-78
meta-data#info.guardianproject.otr.app.im.provider_name
ADDED from src/main/AndroidManifest.xml:195:13-197:49
	android:value
		ADDED from src/main/AndroidManifest.xml:197:17-46
	android:name
		ADDED from src/main/AndroidManifest.xml:196:17-77
meta-data#info.guardianproject.otr.app.im.provider_full_name
ADDED from src/main/AndroidManifest.xml:198:13-200:67
	android:value
		ADDED from src/main/AndroidManifest.xml:200:17-64
	android:name
		ADDED from src/main/AndroidManifest.xml:199:17-82
meta-data#info.guardianproject.otr.app.im.signup_url
ADDED from src/main/AndroidManifest.xml:201:13-203:61
	android:value
		ADDED from src/main/AndroidManifest.xml:203:17-58
	android:name
		ADDED from src/main/AndroidManifest.xml:202:17-74
service#info.guardianproject.otr.app.im.plugin.xmpp.LLXmppImPlugin
ADDED from src/main/AndroidManifest.xml:205:9-221:19
	android:exported
		ADDED from src/main/AndroidManifest.xml:207:13-37
	android:name
		ADDED from src/main/AndroidManifest.xml:206:13-55
service#info.guardianproject.otr.app.im.service.RemoteImService
ADDED from src/main/AndroidManifest.xml:239:9-247:19
	android:exported
		ADDED from src/main/AndroidManifest.xml:241:13-37
	android:permission
		ADDED from src/main/AndroidManifest.xml:242:13-87
	android:name
		ADDED from src/main/AndroidManifest.xml:240:13-52
intent-filter#info.guardianproject.otr.app.im.IRemoteImService+info.guardianproject.otr.app.im.SERVICE
ADDED from src/main/AndroidManifest.xml:243:13-246:29
action#info.guardianproject.otr.app.im.IRemoteImService
ADDED from src/main/AndroidManifest.xml:244:17-91
	android:name
		ADDED from src/main/AndroidManifest.xml:244:25-88
action#info.guardianproject.otr.app.im.SERVICE
ADDED from src/main/AndroidManifest.xml:245:17-82
	android:name
		ADDED from src/main/AndroidManifest.xml:245:25-79
service#info.guardianproject.otr.app.im.service.HeartbeatService
ADDED from src/main/AndroidManifest.xml:248:9-250:40
	android:exported
		ADDED from src/main/AndroidManifest.xml:250:13-37
	android:name
		ADDED from src/main/AndroidManifest.xml:249:13-53
provider#info.guardianproject.otr.app.im.provider.ImpsProvider
ADDED from src/main/AndroidManifest.xml:252:9-258:107
	android:readPermission
		ADDED from src/main/AndroidManifest.xml:257:13-102
	android:authorities
		ADDED from src/main/AndroidManifest.xml:254:13-80
	android:grantUriPermissions
		ADDED from src/main/AndroidManifest.xml:256:13-47
	android:exported
		ADDED from src/main/AndroidManifest.xml:255:13-37
	android:name
		ADDED from src/main/AndroidManifest.xml:253:13-50
	android:writePermission
		ADDED from src/main/AndroidManifest.xml:258:13-104
activity#info.guardianproject.otr.app.im.app.ChooseAccountActivity
ADDED from src/main/AndroidManifest.xml:260:9-263:20
	android:exported
		ADDED from src/main/AndroidManifest.xml:262:13-37
	android:name
		ADDED from src/main/AndroidManifest.xml:261:13-54
activity#info.guardianproject.otr.app.im.app.ImUrlActivity
ADDED from src/main/AndroidManifest.xml:264:9-265:20
	android:name
		ADDED from src/main/AndroidManifest.xml:264:19-52
activity#info.guardianproject.otr.app.im.app.AccountWizardActivity
ADDED from src/main/AndroidManifest.xml:266:9-283:20
	android:exported
		ADDED from src/main/AndroidManifest.xml:268:13-37
	android:name
		ADDED from src/main/AndroidManifest.xml:267:13-85
intent-filter#android.intent.action.VIEW+android.intent.category.DEFAULT
ADDED from src/main/AndroidManifest.xml:269:13-275:29
intent-filter#android.intent.category.DEFAULT+info.guardianproject.otr.app.im.QUIT
ADDED from src/main/AndroidManifest.xml:276:13-282:29
action#info.guardianproject.otr.app.im.QUIT
ADDED from src/main/AndroidManifest.xml:277:17-79
	android:name
		ADDED from src/main/AndroidManifest.xml:277:25-76
activity#info.guardianproject.otr.app.im.app.AccountActivity
ADDED from src/main/AndroidManifest.xml:284:9-304:20
	android:exported
		ADDED from src/main/AndroidManifest.xml:286:13-37
	android:windowSoftInputMode
		ADDED from src/main/AndroidManifest.xml:287:13-57
	android:name
		ADDED from src/main/AndroidManifest.xml:285:13-48
intent-filter#android.intent.action.EDIT+android.intent.category.DEFAULT+info.guardianproject.otr.app.im.IMPS_CATEGORY
ADDED from src/main/AndroidManifest.xml:288:13-295:29
action#android.intent.action.EDIT
ADDED from src/main/AndroidManifest.xml:289:17-69
	android:name
		ADDED from src/main/AndroidManifest.xml:289:25-66
category#info.guardianproject.otr.app.im.IMPS_CATEGORY
ADDED from src/main/AndroidManifest.xml:292:17-90
	android:name
		ADDED from src/main/AndroidManifest.xml:292:27-87
intent-filter#android.intent.action.INSERT+android.intent.category.DEFAULT+info.guardianproject.otr.app.im.IMPS_CATEGORY
ADDED from src/main/AndroidManifest.xml:296:13-303:29
activity#info.guardianproject.otr.app.im.app.SignoutActivity
ADDED from src/main/AndroidManifest.xml:305:9-313:20
	android:exported
		ADDED from src/main/AndroidManifest.xml:307:13-37
	android:name
		ADDED from src/main/AndroidManifest.xml:306:13-48
intent-filter#android.intent.action.MAIN+android.intent.category.DEFAULT
ADDED from src/main/AndroidManifest.xml:308:13-312:29
activity#info.guardianproject.otr.app.im.app.AddContactActivity
ADDED from src/main/AndroidManifest.xml:314:9-317:57
	android:label
		ADDED from src/main/AndroidManifest.xml:317:13-54
	android:exported
		ADDED from src/main/AndroidManifest.xml:316:13-37
	android:name
		ADDED from src/main/AndroidManifest.xml:315:13-51
activity#info.guardianproject.otr.app.im.app.NewChatActivity
ADDED from src/main/AndroidManifest.xml:318:9-346:20
	android:launchMode
		ADDED from src/main/AndroidManifest.xml:322:13-43
	android:exported
		ADDED from src/main/AndroidManifest.xml:321:13-37
	android:windowSoftInputMode
		ADDED from src/main/AndroidManifest.xml:323:13-57
	android:configChanges
		ADDED from src/main/AndroidManifest.xml:320:13-74
	android:name
		ADDED from src/main/AndroidManifest.xml:319:13-48
intent-filter#android.intent.action.VIEW+android.intent.category.DEFAULT+info.guardianproject.otr.app.im.IMPS_CATEGORY
ADDED from src/main/AndroidManifest.xml:324:13-331:29
intent-filter#android.intent.action.IM_MANAGE_SUBSCRIPTION+android.intent.category.DEFAULT
ADDED from src/main/AndroidManifest.xml:339:13-345:29
action#android.intent.action.IM_MANAGE_SUBSCRIPTION
ADDED from src/main/AndroidManifest.xml:340:17-87
	android:name
		ADDED from src/main/AndroidManifest.xml:340:25-84
activity#info.guardianproject.otr.app.im.app.ContactsPickerActivity
ADDED from src/main/AndroidManifest.xml:347:9-362:20
	android:label
		ADDED from src/main/AndroidManifest.xml:350:13-58
	android:exported
		ADDED from src/main/AndroidManifest.xml:349:13-37
	android:name
		ADDED from src/main/AndroidManifest.xml:348:13-55
intent-filter#android.intent.action.PICK+android.intent.category.DEFAULT
ADDED from src/main/AndroidManifest.xml:351:13-355:29
action#android.intent.action.PICK
ADDED from src/main/AndroidManifest.xml:352:17-69
	android:name
		ADDED from src/main/AndroidManifest.xml:352:25-66
activity#info.guardianproject.otr.app.im.app.BlockedContactsActivity
ADDED from src/main/AndroidManifest.xml:363:9-374:20
	android:label
		ADDED from src/main/AndroidManifest.xml:366:13-55
	android:exported
		ADDED from src/main/AndroidManifest.xml:365:13-37
	android:name
		ADDED from src/main/AndroidManifest.xml:364:13-56
activity#info.guardianproject.otr.app.im.app.ContactPresenceActivity
ADDED from src/main/AndroidManifest.xml:375:9-386:20
	android:exported
		ADDED from src/main/AndroidManifest.xml:378:13-37
	android:configChanges
		ADDED from src/main/AndroidManifest.xml:377:13-74
	android:name
		ADDED from src/main/AndroidManifest.xml:376:13-56
activity#info.guardianproject.otr.app.im.app.AccountSettingsActivity
ADDED from src/main/AndroidManifest.xml:387:9-398:20
	android:exported
		ADDED from src/main/AndroidManifest.xml:389:13-37
	android:name
		ADDED from src/main/AndroidManifest.xml:388:13-56
activity#info.guardianproject.otr.app.im.app.SettingActivity
ADDED from src/main/AndroidManifest.xml:399:9-410:20
	android:exported
		ADDED from src/main/AndroidManifest.xml:401:13-37
	android:name
		ADDED from src/main/AndroidManifest.xml:400:13-48
activity#info.guardianproject.otr.app.im.app.SmpResponseActivity
ADDED from src/main/AndroidManifest.xml:411:9-414:59
	android:exported
		ADDED from src/main/AndroidManifest.xml:413:13-37
	android:theme
		ADDED from src/main/AndroidManifest.xml:414:13-56
	android:name
		ADDED from src/main/AndroidManifest.xml:412:13-52
activity#de.duenndns.ssl.MemorizingActivity
ADDED from src/main/AndroidManifest.xml:415:9-419:75
MERGED from [ChatSecureAndroid_ulife:memorizingTrustManager:unspecified] AndroidManifest.xml:8:9-10:75
	android:exported
		ADDED from src/main/AndroidManifest.xml:418:13-37
	android:configChanges
		ADDED from src/main/AndroidManifest.xml:417:13-55
	android:theme
		ADDED from src/main/AndroidManifest.xml:419:13-72
	android:name
		ADDED from src/main/AndroidManifest.xml:416:13-62
receiver#info.guardianproject.otr.app.im.app.NetworkConnectivityListener
ADDED from src/main/AndroidManifest.xml:421:9-428:20
	android:enabled
		ADDED from src/main/AndroidManifest.xml:423:13-35
	android:exported
		ADDED from src/main/AndroidManifest.xml:424:13-36
	android:name
		ADDED from src/main/AndroidManifest.xml:422:13-60
intent-filter#android.net.conn.CONNECTIVITY_CHANGE
ADDED from src/main/AndroidManifest.xml:425:13-427:29
action#android.net.conn.CONNECTIVITY_CHANGE
ADDED from src/main/AndroidManifest.xml:426:17-79
	android:name
		ADDED from src/main/AndroidManifest.xml:426:25-76
receiver#info.guardianproject.otr.app.im.app.BootCompletedListener
ADDED from src/main/AndroidManifest.xml:429:9-437:20
	android:enabled
		ADDED from src/main/AndroidManifest.xml:431:13-35
	android:exported
		ADDED from src/main/AndroidManifest.xml:432:13-36
	android:name
		ADDED from src/main/AndroidManifest.xml:430:13-54
intent-filter#android.intent.action.BOOT_COMPLETED
ADDED from src/main/AndroidManifest.xml:433:13-436:29
action#android.intent.action.BOOT_COMPLETED
ADDED from src/main/AndroidManifest.xml:434:17-435:26
	android:name
		ADDED from src/main/AndroidManifest.xml:434:25-76
activity#info.guardianproject.otr.app.im.app.LockScreenActivity
ADDED from src/main/AndroidManifest.xml:439:9-443:20
	android:label
		ADDED from src/main/AndroidManifest.xml:442:13-63
	android:configChanges
		ADDED from src/main/AndroidManifest.xml:441:13-74
	android:name
		ADDED from src/main/AndroidManifest.xml:440:13-51
activity#info.guardianproject.otr.app.im.app.MissingChatFileStoreActivity
ADDED from src/main/AndroidManifest.xml:445:9-447:77
	android:configChanges
		ADDED from src/main/AndroidManifest.xml:447:13-74
	android:name
		ADDED from src/main/AndroidManifest.xml:446:13-61
service#info.guardianproject.cacheword.CacheWordService
ADDED from src/main/AndroidManifest.xml:449:9-452:40
MERGED from [ChatSecureAndroid_ulife:cachewordlib:unspecified] AndroidManifest.xml:12:9-15:40
	android:enabled
		ADDED from src/main/AndroidManifest.xml:451:13-35
	android:exported
		ADDED from src/main/AndroidManifest.xml:452:13-37
	android:name
		ADDED from src/main/AndroidManifest.xml:450:13-75
activity#net.hockeyapp.android.UpdateActivity
ADDED from src/main/AndroidManifest.xml:454:9-73
	android:name
		ADDED from src/main/AndroidManifest.xml:454:19-70
activity#info.guardianproject.otr.app.im.app.DummyActivity
ADDED from src/main/AndroidManifest.xml:455:9-465:62
	android:clearTaskOnLaunch
		ADDED from src/main/AndroidManifest.xml:459:13-45
	android:enabled
		ADDED from src/main/AndroidManifest.xml:460:13-35
	android:stateNotNeeded
		ADDED from src/main/AndroidManifest.xml:464:13-42
	android:excludeFromRecents
		ADDED from src/main/AndroidManifest.xml:461:13-46
	android:noHistory
		ADDED from src/main/AndroidManifest.xml:463:13-37
	android:allowTaskReparenting
		ADDED from src/main/AndroidManifest.xml:457:13-48
	android:alwaysRetainTaskState
		ADDED from src/main/AndroidManifest.xml:458:13-50
	android:finishOnTaskLaunch
		ADDED from src/main/AndroidManifest.xml:462:13-46
	android:theme
		ADDED from src/main/AndroidManifest.xml:465:13-59
	android:name
		ADDED from src/main/AndroidManifest.xml:456:13-46
activity#info.guardianproject.otr.app.im.ui.ImageViewActivity
ADDED from src/main/AndroidManifest.xml:466:9-468:75
	android:theme
		ADDED from src/main/AndroidManifest.xml:468:13-72
	android:name
		ADDED from src/main/AndroidManifest.xml:467:13-80
activity#info.guardianproject.otr.app.im.ui.SecureCameraActivity
ADDED from src/main/AndroidManifest.xml:469:9-92
	android:name
		ADDED from src/main/AndroidManifest.xml:469:19-89
uses-permission#android.permission.WRITE_MEDIA_STORAGE
ADDED from [ChatSecureAndroid_ulife:tibetanTextLibrary:unspecified] AndroidManifest.xml:12:5-78
	android:name
		ADDED from [ChatSecureAndroid_ulife:tibetanTextLibrary:unspecified] AndroidManifest.xml:12:22-75
uses-permission#android.permission.READ_MEDIA_STORAGE
ADDED from [ChatSecureAndroid_ulife:tibetanTextLibrary:unspecified] AndroidManifest.xml:14:5-77
	android:name
		ADDED from [ChatSecureAndroid_ulife:tibetanTextLibrary:unspecified] AndroidManifest.xml:14:22-74
android:uses-permission#android.permission.READ_PHONE_STATE
IMPLIED from src/main/AndroidManifest.xml:1:1-472:12 reason: de.duenndns.ssl has a targetSdkVersion < 4